<?xml version="1.0" encoding="UTF-8"?>
<testng-results ignored="0" total="2" passed="2" failed="0" skipped="0">
  <reporter-output>
  </reporter-output>
  <suite started-at="2024-08-12T15:42:58 IST" name="Default suite" finished-at="2024-08-12T15:43:43 IST" duration-ms="45315">
    <groups>
    </groups>
    <test started-at="2024-08-12T15:42:58 IST" name="Default test" finished-at="2024-08-12T15:43:43 IST" duration-ms="45315">
      <class name="tests.CheckoutTest">
        <test-method is-config="true" signature="openBrowser()[pri:0, instance:tests.CheckoutTest@69e153c5]" started-at="2024-08-12T15:42:58 IST" name="openBrowser" finished-at="2024-08-12T15:43:15 IST" duration-ms="16921" status="PASS">
          <reporter-output>
          </reporter-output>
        </test-method> <!-- openBrowser -->
        <test-method signature="validateAddToCartFlow()[pri:1, instance:tests.CheckoutTest@69e153c5]" started-at="2024-08-12T15:43:15 IST" name="validateAddToCartFlow" finished-at="2024-08-12T15:43:24 IST" duration-ms="9070" status="PASS">
          <reporter-output>
          </reporter-output>
        </test-method> <!-- validateAddToCartFlow -->
        <test-method signature="validateCheckoutFlow()[pri:2, instance:tests.CheckoutTest@69e153c5]" started-at="2024-08-12T15:43:24 IST" name="validateCheckoutFlow" finished-at="2024-08-12T15:43:43 IST" duration-ms="18873" status="PASS">
          <reporter-output>
          </reporter-output>
        </test-method> <!-- validateCheckoutFlow -->
        <test-method is-config="true" signature="tearDown()[pri:0, instance:tests.CheckoutTest@69e153c5]" started-at="2024-08-12T15:43:43 IST" name="tearDown" finished-at="2024-08-12T15:43:43 IST" duration-ms="379" status="PASS">
          <reporter-output>
          </reporter-output>
        </test-method> <!-- tearDown -->
      </class> <!-- tests.CheckoutTest -->
    </test> <!-- Default test -->
  </suite> <!-- Default suite -->
</testng-results>
